<?xml version="1.0" encoding="UTF-8"?>
<testng-results ignored="0" total="1" passed="1" failed="0" skipped="0">
  <reporter-output>
  </reporter-output>
  <suite started-at="2024-02-04T14:43:13 IST" name="Default suite" finished-at="2024-02-04T14:43:43 IST" duration-ms="30029">
    <groups>
    </groups>
    <test started-at="2024-02-04T14:43:13 IST" name="Default test" finished-at="2024-02-04T14:43:43 IST" duration-ms="30029">
      <class name="POM.ExecuteAssignmentDWS">
        <test-method signature="receiver()[pri:0, instance:POM.ExecuteAssignmentDWS@6069db50]" started-at="2024-02-04T14:43:13 IST" name="receiver" finished-at="2024-02-04T14:43:43 IST" duration-ms="29937" status="PASS">
          <reporter-output>
          </reporter-output>
        </test-method> <!-- receiver -->
      </class> <!-- POM.ExecuteAssignmentDWS -->
    </test> <!-- Default test -->
  </suite> <!-- Default suite -->
</testng-results>
